Сборка начата 24.09.2021 15:17:16.
Уровень детализации журнала: Normal.     1>Проект "C:\Users\Chamster\Desktop\Лабы\Алгоритмизации\3\lab_03\2 3\2 3.vcxproj" в узле 2 (целевые объекты Build).
     1>InitializeBuildStatus:
         Создание "Debug\2 3.tlog\unsuccessfulbuild", так как было задано "AlwaysCreate".
       ClCompile:
         C:\Program Files (x86)\Microsoft Visual Studio\2019\Community\VC\Tools\MSVC\14.29.30133\bin\HostX86\x86\CL.exe /c /ZI /JMC /nologo /W3 /WX- /diagnostics:column /sdl /Od /Oy- /D WIN32 /D _DEBUG /D _CONSOLE /D _UNICODE /D UNICODE /Gm- /EHsc /RTC1 /MDd /GS /fp:precise /permissive- /Zc:wchar_t /Zc:forScope /Zc:inline /Fo"Debug\\" /Fd"Debug\vc142.pdb" /external:W3 /Gd /TP /analyze- /FC /errorReport:prompt Source.cpp
         Source.cpp
     1>C:\Users\Chamster\Desktop\Лабы\Алгоритмизации\3\lab_03\2 3\Source.cpp(5,1): warning C4326: возвращаемый тип "main" должен быть "int", а не "void"
     1>C:\Users\Chamster\Desktop\Лабы\Алгоритмизации\3\lab_03\2 3\Source.cpp(8,16): warning C4305: инициализация: усечение из "double" в "float"
     1>C:\Users\Chamster\Desktop\Лабы\Алгоритмизации\3\lab_03\2 3\Source.cpp(12,16): warning C4244: =: преобразование "double" в "float", возможна потеря данных
       Link:
         C:\Program Files (x86)\Microsoft Visual Studio\2019\Community\VC\Tools\MSVC\14.29.30133\bin\HostX86\x86\link.exe /ERRORREPORT:PROMPT /OUT:"C:\Users\Chamster\Desktop\Лабы\Алгоритмизации\3\lab_03\Debug\2 3.exe" /INCREMENTAL /ILK:"Debug\2 3.ilk" /NOLOGO kernel32.lib user32.lib gdi32.lib winspool.lib comdlg32.lib advapi32.lib shell32.lib ole32.lib oleaut32.lib uuid.lib odbc32.lib odbccp32.lib /MANIFEST /MANIFESTUAC:"level='asInvoker' uiAccess='false'" /manifest:embed /DEBUG /PDB:"C:\Users\Chamster\Desktop\Лабы\Алгоритмизации\3\lab_03\Debug\2 3.pdb" /SUBSYSTEM:CONSOLE /TLBID:1 /DYNAMICBASE /NXCOMPAT /IMPLIB:"C:\Users\Chamster\Desktop\Лабы\Алгоритмизации\3\lab_03\Debug\2 3.lib" /MACHINE:X86 Debug\Source.obj
         2 3.vcxproj -> C:\Users\Chamster\Desktop\Лабы\Алгоритмизации\3\lab_03\Debug\2 3.exe
       FinalizeBuildStatus:
         Файл "Debug\2 3.tlog\unsuccessfulbuild" удаляется.
         Обращение к "Debug\2 3.tlog\2 3.lastbuildstate".
     1>Сборка проекта "C:\Users\Chamster\Desktop\Лабы\Алгоритмизации\3\lab_03\2 3\2 3.vcxproj" завершена (целевые объекты Build).

Сборка успешно завершена.

       "C:\Users\Chamster\Desktop\Лабы\Алгоритмизации\3\lab_03\2 3\2 3.vcxproj" (целевой объект Build ) (1) ->
       (Целевой объект ClCompile) -> 
         C:\Users\Chamster\Desktop\Лабы\Алгоритмизации\3\lab_03\2 3\Source.cpp(5,1): warning C4326: возвращаемый тип "main" должен быть "int", а не "void"
         C:\Users\Chamster\Desktop\Лабы\Алгоритмизации\3\lab_03\2 3\Source.cpp(8,16): warning C4305: инициализация: усечение из "double" в "float"
         C:\Users\Chamster\Desktop\Лабы\Алгоритмизации\3\lab_03\2 3\Source.cpp(12,16): warning C4244: =: преобразование "double" в "float", возможна потеря данных

    Предупреждений: 3
    Ошибок: 0

Прошло времени 00:00:01.90
