Сборка начата 17.12.2021 16:32:57.
Уровень детализации журнала: Normal.     1>Проект "C:\Users\Chamster\source\repos\16\dop14-1\dop14-1.vcxproj" в узле 2 (целевые объекты Build).
     1>PrepareForBuild:
         Создание каталога "Debug\dop14-1.tlog\".
       InitializeBuildStatus:
         Создание "Debug\dop14-1.tlog\unsuccessfulbuild", так как было задано "AlwaysCreate".
       ClCompile:
         C:\Program Files (x86)\Microsoft Visual Studio\2019\Community\VC\Tools\MSVC\14.29.30133\bin\HostX86\x86\CL.exe /c /ZI /JMC /nologo /W3 /WX- /diagnostics:column /sdl /Od /Oy- /D WIN32 /D _DEBUG /D _CONSOLE /D _UNICODE /D UNICODE /Gm- /EHsc /RTC1 /MDd /GS /fp:precise /permissive- /Zc:wchar_t /Zc:forScope /Zc:inline /Fo"Debug\\" /Fd"Debug\vc142.pdb" /external:W3 /Gd /TP /analyze- /FC /errorReport:prompt "14-1.cpp"
         14-1.cpp
     1>C:\Users\Chamster\source\repos\16\dop14-1\14-1.cpp(60,12): warning C4244: аргумент: преобразование "time_t" в "unsigned int", возможна потеря данных
       Link:
         C:\Program Files (x86)\Microsoft Visual Studio\2019\Community\VC\Tools\MSVC\14.29.30133\bin\HostX86\x86\link.exe /ERRORREPORT:PROMPT /OUT:"C:\Users\Chamster\source\repos\16\Debug\dop14-1.exe" /INCREMENTAL /ILK:"Debug\dop14-1.ilk" /NOLOGO kernel32.lib user32.lib gdi32.lib winspool.lib comdlg32.lib advapi32.lib shell32.lib ole32.lib oleaut32.lib uuid.lib odbc32.lib odbccp32.lib /MANIFEST /MANIFESTUAC:"level='asInvoker' uiAccess='false'" /manifest:embed /DEBUG /PDB:"C:\Users\Chamster\source\repos\16\Debug\dop14-1.pdb" /SUBSYSTEM:CONSOLE /TLBID:1 /DYNAMICBASE /NXCOMPAT /IMPLIB:"C:\Users\Chamster\source\repos\16\Debug\dop14-1.lib" /MACHINE:X86 "Debug\14-1.obj"
         dop14-1.vcxproj -> C:\Users\Chamster\source\repos\16\Debug\dop14-1.exe
       FinalizeBuildStatus:
         Файл "Debug\dop14-1.tlog\unsuccessfulbuild" удаляется.
         Обращение к "Debug\dop14-1.tlog\dop14-1.lastbuildstate".
     1>Сборка проекта "C:\Users\Chamster\source\repos\16\dop14-1\dop14-1.vcxproj" завершена (целевые объекты Build).

Сборка успешно завершена.

       "C:\Users\Chamster\source\repos\16\dop14-1\dop14-1.vcxproj" (целевой объект Build ) (1) ->
       (Целевой объект ClCompile) -> 
         C:\Users\Chamster\source\repos\16\dop14-1\14-1.cpp(60,12): warning C4244: аргумент: преобразование "time_t" в "unsigned int", возможна потеря данных

    Предупреждений: 1
    Ошибок: 0

Прошло времени 00:00:01.46
