Сборка начата 24.12.2021 13:43:26.
Уровень детализации журнала: Normal.     1>Проект "C:\Users\Chamster\Desktop\Лабы\Алгоритмизации\18\18\dop 15 - 1\dop 15 - 1.vcxproj" в узле 2 (целевые объекты Build).
     1>PrepareForBuild:
         Создание каталога "Debug\dop 15 - 1.tlog\".
       InitializeBuildStatus:
         Создание "Debug\dop 15 - 1.tlog\unsuccessfulbuild", так как было задано "AlwaysCreate".
       ClCompile:
         C:\Program Files (x86)\Microsoft Visual Studio\2019\Community\VC\Tools\MSVC\14.29.30133\bin\HostX86\x86\CL.exe /c /ZI /JMC /nologo /W3 /WX- /diagnostics:column /sdl /Od /Oy- /D WIN32 /D _DEBUG /D _CONSOLE /D _UNICODE /D UNICODE /Gm- /EHsc /RTC1 /MDd /GS /fp:precise /permissive- /Zc:wchar_t /Zc:forScope /Zc:inline /Fo"Debug\\" /Fd"Debug\vc142.pdb" /external:W3 /Gd /TP /analyze- /FC /errorReport:prompt "15-1.cpp"
         15-1.cpp
       Link:
         C:\Program Files (x86)\Microsoft Visual Studio\2019\Community\VC\Tools\MSVC\14.29.30133\bin\HostX86\x86\link.exe /ERRORREPORT:PROMPT /OUT:"C:\Users\Chamster\Desktop\Лабы\Алгоритмизации\18\18\Debug\dop 15 - 1.exe" /INCREMENTAL /ILK:"Debug\dop 15 - 1.ilk" /NOLOGO kernel32.lib user32.lib gdi32.lib winspool.lib comdlg32.lib advapi32.lib shell32.lib ole32.lib oleaut32.lib uuid.lib odbc32.lib odbccp32.lib /MANIFEST /MANIFESTUAC:"level='asInvoker' uiAccess='false'" /manifest:embed /DEBUG /PDB:"C:\Users\Chamster\Desktop\Лабы\Алгоритмизации\18\18\Debug\dop 15 - 1.pdb" /SUBSYSTEM:CONSOLE /TLBID:1 /DYNAMICBASE /NXCOMPAT /IMPLIB:"C:\Users\Chamster\Desktop\Лабы\Алгоритмизации\18\18\Debug\dop 15 - 1.lib" /MACHINE:X86 "Debug\15-1.obj"
         dop 15 - 1.vcxproj -> C:\Users\Chamster\Desktop\Лабы\Алгоритмизации\18\18\Debug\dop 15 - 1.exe
       FinalizeBuildStatus:
         Файл "Debug\dop 15 - 1.tlog\unsuccessfulbuild" удаляется.
         Обращение к "Debug\dop 15 - 1.tlog\dop 15 - 1.lastbuildstate".
     1>Сборка проекта "C:\Users\Chamster\Desktop\Лабы\Алгоритмизации\18\18\dop 15 - 1\dop 15 - 1.vcxproj" завершена (целевые объекты Build).

Сборка успешно завершена.
    Предупреждений: 0
    Ошибок: 0

Прошло времени 00:00:02.55
