Сборка начата 19.11.2021 01:42:41.
Уровень детализации журнала: Normal.     1>Проект "C:\Users\Chamster\Desktop\Лабы\Алгоритмизации\10\10\9.2\9.2.vcxproj" в узле 2 (целевые объекты Build).
     1>InitializeBuildStatus:
         Создание "Debug\9.2.tlog\unsuccessfulbuild", так как было задано "AlwaysCreate".
       ClCompile:
         C:\Program Files (x86)\Microsoft Visual Studio\2019\Community\VC\Tools\MSVC\14.29.30133\bin\HostX86\x86\CL.exe /c /ZI /JMC /nologo /W3 /WX- /diagnostics:column /sdl /Od /Oy- /D WIN32 /D _DEBUG /D _CONSOLE /D _UNICODE /D UNICODE /Gm- /EHsc /RTC1 /MDd /GS /fp:precise /permissive- /Zc:wchar_t /Zc:forScope /Zc:inline /Fo"Debug\\" /Fd"Debug\vc142.pdb" /external:W3 /Gd /TP /analyze- /FC /errorReport:prompt 9.2.cpp
         9.2.cpp
     1>C:\Users\Chamster\Desktop\Лабы\Алгоритмизации\10\10\9.2\9.2.cpp(4,1): warning C4326: возвращаемый тип "main" должен быть "int", а не "void"
     1>C:\Users\Chamster\Desktop\Лабы\Алгоритмизации\10\10\9.2\9.2.cpp(16,15): warning C4244: =: преобразование "double" в "int", возможна потеря данных
     1>C:\Users\Chamster\Desktop\Лабы\Алгоритмизации\10\10\9.2\9.2.cpp(7,28): warning C4101: mask1: неиспользованная локальная переменная
     1>C:\Users\Chamster\Desktop\Лабы\Алгоритмизации\10\10\9.2\9.2.cpp(7,15): warning C4101: g: неиспользованная локальная переменная
       Link:
         C:\Program Files (x86)\Microsoft Visual Studio\2019\Community\VC\Tools\MSVC\14.29.30133\bin\HostX86\x86\link.exe /ERRORREPORT:PROMPT /OUT:"C:\Users\Chamster\Desktop\Лабы\Алгоритмизации\10\10\Debug\9.2.exe" /INCREMENTAL /ILK:"Debug\9.2.ilk" /NOLOGO kernel32.lib user32.lib gdi32.lib winspool.lib comdlg32.lib advapi32.lib shell32.lib ole32.lib oleaut32.lib uuid.lib odbc32.lib odbccp32.lib /MANIFEST /MANIFESTUAC:"level='asInvoker' uiAccess='false'" /manifest:embed /DEBUG /PDB:"C:\Users\Chamster\Desktop\Лабы\Алгоритмизации\10\10\Debug\9.2.pdb" /SUBSYSTEM:CONSOLE /TLBID:1 /DYNAMICBASE /NXCOMPAT /IMPLIB:"C:\Users\Chamster\Desktop\Лабы\Алгоритмизации\10\10\Debug\9.2.lib" /MACHINE:X86 Debug\9.2.obj
         9.2.vcxproj -> C:\Users\Chamster\Desktop\Лабы\Алгоритмизации\10\10\Debug\9.2.exe
       FinalizeBuildStatus:
         Файл "Debug\9.2.tlog\unsuccessfulbuild" удаляется.
         Обращение к "Debug\9.2.tlog\9.2.lastbuildstate".
     1>Сборка проекта "C:\Users\Chamster\Desktop\Лабы\Алгоритмизации\10\10\9.2\9.2.vcxproj" завершена (целевые объекты Build).

Сборка успешно завершена.

       "C:\Users\Chamster\Desktop\Лабы\Алгоритмизации\10\10\9.2\9.2.vcxproj" (целевой объект Build ) (1) ->
       (Целевой объект ClCompile) -> 
         C:\Users\Chamster\Desktop\Лабы\Алгоритмизации\10\10\9.2\9.2.cpp(4,1): warning C4326: возвращаемый тип "main" должен быть "int", а не "void"
         C:\Users\Chamster\Desktop\Лабы\Алгоритмизации\10\10\9.2\9.2.cpp(16,15): warning C4244: =: преобразование "double" в "int", возможна потеря данных
         C:\Users\Chamster\Desktop\Лабы\Алгоритмизации\10\10\9.2\9.2.cpp(7,28): warning C4101: mask1: неиспользованная локальная переменная
         C:\Users\Chamster\Desktop\Лабы\Алгоритмизации\10\10\9.2\9.2.cpp(7,15): warning C4101: g: неиспользованная локальная переменная

    Предупреждений: 4
    Ошибок: 0

Прошло времени 00:00:00.65
