Сборка начата 17.12.2021 15:24:36.
Уровень детализации журнала: Normal.     1>Проект "C:\Users\Chamster\Desktop\Лабы\Алгоритмизации\15norm\15\main2\main2.vcxproj" в узле 2 (целевые объекты Build).
     1>InitializeBuildStatus:
         Обращение к "Debug\main2.tlog\unsuccessfulbuild".
       ClCompile:
         C:\Program Files (x86)\Microsoft Visual Studio\2019\Community\VC\Tools\MSVC\14.29.30133\bin\HostX86\x86\CL.exe /c /ZI /JMC /nologo /W3 /WX- /diagnostics:column /sdl /Od /Oy- /D WIN32 /D _DEBUG /D _CONSOLE /D _UNICODE /D UNICODE /Gm- /EHsc /RTC1 /MDd /GS /fp:precise /permissive- /Zc:wchar_t /Zc:forScope /Zc:inline /Fo"Debug\\" /Fd"Debug\vc142.pdb" /external:W3 /Gd /TP /analyze- /FC /errorReport:prompt main2.cpp
         main2.cpp
     1>C:\Users\Chamster\Desktop\Лабы\Алгоритмизации\15norm\15\main2\main2.cpp(15,1): warning C4326: возвращаемый тип "main" должен быть "int", а не "void"
     1>C:\Users\Chamster\Desktop\Лабы\Алгоритмизации\15norm\15\main2\main2.cpp(16,8): warning C4101: proverkа: неиспользованная локальная переменная
       Link:
         C:\Program Files (x86)\Microsoft Visual Studio\2019\Community\VC\Tools\MSVC\14.29.30133\bin\HostX86\x86\link.exe /ERRORREPORT:PROMPT /OUT:"C:\Users\Chamster\Desktop\Лабы\Алгоритмизации\15norm\15\Debug\main2.exe" /INCREMENTAL /ILK:"Debug\main2.ilk" /NOLOGO kernel32.lib user32.lib gdi32.lib winspool.lib comdlg32.lib advapi32.lib shell32.lib ole32.lib oleaut32.lib uuid.lib odbc32.lib odbccp32.lib /MANIFEST /MANIFESTUAC:"level='asInvoker' uiAccess='false'" /manifest:embed /DEBUG /PDB:"C:\Users\Chamster\Desktop\Лабы\Алгоритмизации\15norm\15\Debug\main2.pdb" /SUBSYSTEM:CONSOLE /TLBID:1 /DYNAMICBASE /NXCOMPAT /IMPLIB:"C:\Users\Chamster\Desktop\Лабы\Алгоритмизации\15norm\15\Debug\main2.lib" /MACHINE:X86 Debug\main2.obj
         main2.vcxproj -> C:\Users\Chamster\Desktop\Лабы\Алгоритмизации\15norm\15\Debug\main2.exe
       FinalizeBuildStatus:
         Файл "Debug\main2.tlog\unsuccessfulbuild" удаляется.
         Обращение к "Debug\main2.tlog\main2.lastbuildstate".
     1>Сборка проекта "C:\Users\Chamster\Desktop\Лабы\Алгоритмизации\15norm\15\main2\main2.vcxproj" завершена (целевые объекты Build).

Сборка успешно завершена.

       "C:\Users\Chamster\Desktop\Лабы\Алгоритмизации\15norm\15\main2\main2.vcxproj" (целевой объект Build ) (1) ->
       (Целевой объект ClCompile) -> 
         C:\Users\Chamster\Desktop\Лабы\Алгоритмизации\15norm\15\main2\main2.cpp(15,1): warning C4326: возвращаемый тип "main" должен быть "int", а не "void"
         C:\Users\Chamster\Desktop\Лабы\Алгоритмизации\15norm\15\main2\main2.cpp(16,8): warning C4101: proverkа: неиспользованная локальная переменная

    Предупреждений: 2
    Ошибок: 0

Прошло времени 00:00:00.98
