Сборка начата 15.10.2021 00:46:02.
Уровень детализации журнала: Normal.     1>Проект "C:\Users\Chamster\Desktop\Лабы\Алгоритмизации\6\lab_06\lab_06\lab_06.vcxproj" в узле 2 (целевые объекты Build).
     1>InitializeBuildStatus:
         Создание "Debug\lab_06.tlog\unsuccessfulbuild", так как было задано "AlwaysCreate".
       ClCompile:
         C:\Program Files (x86)\Microsoft Visual Studio\2019\Community\VC\Tools\MSVC\14.29.30133\bin\HostX86\x86\CL.exe /c /ZI /JMC /nologo /W3 /WX- /diagnostics:column /sdl /Od /Oy- /D WIN32 /D _DEBUG /D _CONSOLE /D _UNICODE /D UNICODE /Gm- /EHsc /RTC1 /MDd /GS /fp:precise /permissive- /Zc:wchar_t /Zc:forScope /Zc:inline /Fo"Debug\\" /Fd"Debug\vc142.pdb" /external:W3 /Gd /TP /analyze- /FC /errorReport:prompt 5.cpp
         5.cpp
     1>C:\Users\Chamster\Desktop\Лабы\Алгоритмизации\6\lab_06\lab_06\5.cpp(4,13): warning C4326: возвращаемый тип "main" должен быть "int", а не "void"
     1>C:\Users\Chamster\Desktop\Лабы\Алгоритмизации\6\lab_06\lab_06\5.cpp(7,19): warning C4305: инициализация: усечение из "double" в "float"
     1>C:\Users\Chamster\Desktop\Лабы\Алгоритмизации\6\lab_06\lab_06\5.cpp(7,32): warning C4305: инициализация: усечение из "double" в "float"
     1>C:\Users\Chamster\Desktop\Лабы\Алгоритмизации\6\lab_06\lab_06\5.cpp(8,25): warning C4244: =: преобразование "double" в "float", возможна потеря данных
     1>C:\Users\Chamster\Desktop\Лабы\Алгоритмизации\6\lab_06\lab_06\5.cpp(15,10): warning C4244: =: преобразование "double" в "float", возможна потеря данных
     1>C:\Users\Chamster\Desktop\Лабы\Алгоритмизации\6\lab_06\lab_06\5.cpp(19,19): warning C4244: =: преобразование "double" в "float", возможна потеря данных
     1>C:\Users\Chamster\Desktop\Лабы\Алгоритмизации\6\lab_06\lab_06\5.cpp(21,10): warning C4244: =: преобразование "double" в "float", возможна потеря данных
       Link:
         C:\Program Files (x86)\Microsoft Visual Studio\2019\Community\VC\Tools\MSVC\14.29.30133\bin\HostX86\x86\link.exe /ERRORREPORT:PROMPT /OUT:"C:\Users\Chamster\Desktop\Лабы\Алгоритмизации\6\lab_06\Debug\lab_06.exe" /INCREMENTAL /ILK:"Debug\lab_06.ilk" /NOLOGO kernel32.lib user32.lib gdi32.lib winspool.lib comdlg32.lib advapi32.lib shell32.lib ole32.lib oleaut32.lib uuid.lib odbc32.lib odbccp32.lib /MANIFEST /MANIFESTUAC:"level='asInvoker' uiAccess='false'" /manifest:embed /DEBUG /PDB:"C:\Users\Chamster\Desktop\Лабы\Алгоритмизации\6\lab_06\Debug\lab_06.pdb" /SUBSYSTEM:CONSOLE /TLBID:1 /DYNAMICBASE /NXCOMPAT /IMPLIB:"C:\Users\Chamster\Desktop\Лабы\Алгоритмизации\6\lab_06\Debug\lab_06.lib" /MACHINE:X86 Debug\5.obj
         lab_06.vcxproj -> C:\Users\Chamster\Desktop\Лабы\Алгоритмизации\6\lab_06\Debug\lab_06.exe
       FinalizeBuildStatus:
         Файл "Debug\lab_06.tlog\unsuccessfulbuild" удаляется.
         Обращение к "Debug\lab_06.tlog\lab_06.lastbuildstate".
     1>Сборка проекта "C:\Users\Chamster\Desktop\Лабы\Алгоритмизации\6\lab_06\lab_06\lab_06.vcxproj" завершена (целевые объекты Build).

Сборка успешно завершена.

       "C:\Users\Chamster\Desktop\Лабы\Алгоритмизации\6\lab_06\lab_06\lab_06.vcxproj" (целевой объект Build ) (1) ->
       (Целевой объект ClCompile) -> 
         C:\Users\Chamster\Desktop\Лабы\Алгоритмизации\6\lab_06\lab_06\5.cpp(4,13): warning C4326: возвращаемый тип "main" должен быть "int", а не "void"
         C:\Users\Chamster\Desktop\Лабы\Алгоритмизации\6\lab_06\lab_06\5.cpp(7,19): warning C4305: инициализация: усечение из "double" в "float"
         C:\Users\Chamster\Desktop\Лабы\Алгоритмизации\6\lab_06\lab_06\5.cpp(7,32): warning C4305: инициализация: усечение из "double" в "float"
         C:\Users\Chamster\Desktop\Лабы\Алгоритмизации\6\lab_06\lab_06\5.cpp(8,25): warning C4244: =: преобразование "double" в "float", возможна потеря данных
         C:\Users\Chamster\Desktop\Лабы\Алгоритмизации\6\lab_06\lab_06\5.cpp(15,10): warning C4244: =: преобразование "double" в "float", возможна потеря данных
         C:\Users\Chamster\Desktop\Лабы\Алгоритмизации\6\lab_06\lab_06\5.cpp(19,19): warning C4244: =: преобразование "double" в "float", возможна потеря данных
         C:\Users\Chamster\Desktop\Лабы\Алгоритмизации\6\lab_06\lab_06\5.cpp(21,10): warning C4244: =: преобразование "double" в "float", возможна потеря данных

    Предупреждений: 7
    Ошибок: 0

Прошло времени 00:00:01.07
