Сборка начата 12.11.2021 14:48:18.
Уровень детализации журнала: Normal.     1>Проект "C:\Users\Chamster\Desktop\Лабы\Алгоритмизации\9\9_lab\6\6.vcxproj" в узле 2 (целевые объекты Build).
     1>InitializeBuildStatus:
         Создание "Debug\6.tlog\unsuccessfulbuild", так как было задано "AlwaysCreate".
       ClCompile:
         C:\Program Files (x86)\Microsoft Visual Studio\2019\Community\VC\Tools\MSVC\14.29.30133\bin\HostX86\x86\CL.exe /c /ZI /JMC /nologo /W3 /WX- /diagnostics:column /sdl /Od /Oy- /D WIN32 /D _DEBUG /D _CONSOLE /D _UNICODE /D UNICODE /Gm- /EHsc /RTC1 /MDd /GS /fp:precise /permissive- /Zc:wchar_t /Zc:forScope /Zc:inline /Fo"Debug\\" /Fd"Debug\vc142.pdb" /external:W3 /Gd /TP /analyze- /FC /errorReport:prompt ..\9_lab\6.cpp
         6.cpp
     1>C:\Users\Chamster\Desktop\Лабы\Алгоритмизации\9\9_lab\9_lab\6.cpp(4,1): warning C4326: возвращаемый тип "main" должен быть "int", а не "void"
     1>C:\Users\Chamster\Desktop\Лабы\Алгоритмизации\9\9_lab\9_lab\6.cpp(8,6): warning C4101: n: неиспользованная локальная переменная
       Link:
         C:\Program Files (x86)\Microsoft Visual Studio\2019\Community\VC\Tools\MSVC\14.29.30133\bin\HostX86\x86\link.exe /ERRORREPORT:PROMPT /OUT:"C:\Users\Chamster\Desktop\Лабы\Алгоритмизации\9\9_lab\Debug\6.exe" /INCREMENTAL /ILK:"Debug\6.ilk" /NOLOGO kernel32.lib user32.lib gdi32.lib winspool.lib comdlg32.lib advapi32.lib shell32.lib ole32.lib oleaut32.lib uuid.lib odbc32.lib odbccp32.lib /MANIFEST /MANIFESTUAC:"level='asInvoker' uiAccess='false'" /manifest:embed /DEBUG /PDB:"C:\Users\Chamster\Desktop\Лабы\Алгоритмизации\9\9_lab\Debug\6.pdb" /SUBSYSTEM:CONSOLE /TLBID:1 /DYNAMICBASE /NXCOMPAT /IMPLIB:"C:\Users\Chamster\Desktop\Лабы\Алгоритмизации\9\9_lab\Debug\6.lib" /MACHINE:X86 Debug\6.obj
         6.vcxproj -> C:\Users\Chamster\Desktop\Лабы\Алгоритмизации\9\9_lab\Debug\6.exe
       FinalizeBuildStatus:
         Файл "Debug\6.tlog\unsuccessfulbuild" удаляется.
         Обращение к "Debug\6.tlog\6.lastbuildstate".
     1>Сборка проекта "C:\Users\Chamster\Desktop\Лабы\Алгоритмизации\9\9_lab\6\6.vcxproj" завершена (целевые объекты Build).

Сборка успешно завершена.

       "C:\Users\Chamster\Desktop\Лабы\Алгоритмизации\9\9_lab\6\6.vcxproj" (целевой объект Build ) (1) ->
       (Целевой объект ClCompile) -> 
         C:\Users\Chamster\Desktop\Лабы\Алгоритмизации\9\9_lab\9_lab\6.cpp(4,1): warning C4326: возвращаемый тип "main" должен быть "int", а не "void"
         C:\Users\Chamster\Desktop\Лабы\Алгоритмизации\9\9_lab\9_lab\6.cpp(8,6): warning C4101: n: неиспользованная локальная переменная

    Предупреждений: 2
    Ошибок: 0

Прошло времени 00:00:00.59
