Сборка начата 30.09.2021 22:45:07.
Уровень детализации журнала: Normal.     1>Проект "C:\Users\Chamster\Desktop\Лабы\Алгоритмизации\4\lab_04\lab_04\lab_04.vcxproj" в узле 2 (целевые объекты Build).
     1>InitializeBuildStatus:
         Обращение к "Debug\lab_04.tlog\unsuccessfulbuild".
       ClCompile:
         C:\Program Files (x86)\Microsoft Visual Studio\2019\Community\VC\Tools\MSVC\14.29.30133\bin\HostX86\x86\CL.exe /c /ZI /JMC /nologo /W3 /WX- /diagnostics:column /sdl /Od /Oy- /D WIN32 /D _DEBUG /D _CONSOLE /D _UNICODE /D UNICODE /Gm- /EHsc /RTC1 /MDd /GS /fp:precise /permissive- /Zc:wchar_t /Zc:forScope /Zc:inline /Fo"Debug\\" /Fd"Debug\vc142.pdb" /external:W3 /Gd /TP /analyze- /FC /errorReport:prompt "4 задание.cpp"
         4 задание.cpp
     1>C:\Users\Chamster\Desktop\Лабы\Алгоритмизации\4\lab_04\lab_04\4 задание.cpp(3,1): warning C4326: возвращаемый тип "main" должен быть "int", а не "void"
     1>C:\Users\Chamster\Desktop\Лабы\Алгоритмизации\4\lab_04\lab_04\4 задание.cpp(30,10): warning C4244: =: преобразование "double" в "int", возможна потеря данных
     1>C:\Users\Chamster\Desktop\Лабы\Алгоритмизации\4\lab_04\lab_04\4 задание.cpp(31,10): warning C4244: =: преобразование "double" в "int", возможна потеря данных
     1>C:\Users\Chamster\Desktop\Лабы\Алгоритмизации\4\lab_04\lab_04\4 задание.cpp(32,10): warning C4244: =: преобразование "double" в "int", возможна потеря данных
       Link:
         C:\Program Files (x86)\Microsoft Visual Studio\2019\Community\VC\Tools\MSVC\14.29.30133\bin\HostX86\x86\link.exe /ERRORREPORT:PROMPT /OUT:"C:\Users\Chamster\Desktop\Лабы\Алгоритмизации\4\lab_04\Debug\lab_04.exe" /INCREMENTAL /ILK:"Debug\lab_04.ilk" /NOLOGO kernel32.lib user32.lib gdi32.lib winspool.lib comdlg32.lib advapi32.lib shell32.lib ole32.lib oleaut32.lib uuid.lib odbc32.lib odbccp32.lib /MANIFEST /MANIFESTUAC:"level='asInvoker' uiAccess='false'" /manifest:embed /DEBUG /PDB:"C:\Users\Chamster\Desktop\Лабы\Алгоритмизации\4\lab_04\Debug\lab_04.pdb" /SUBSYSTEM:CONSOLE /TLBID:1 /DYNAMICBASE /NXCOMPAT /IMPLIB:"C:\Users\Chamster\Desktop\Лабы\Алгоритмизации\4\lab_04\Debug\lab_04.lib" /MACHINE:X86 "Debug\4 задание.obj"
         lab_04.vcxproj -> C:\Users\Chamster\Desktop\Лабы\Алгоритмизации\4\lab_04\Debug\lab_04.exe
       FinalizeBuildStatus:
         Файл "Debug\lab_04.tlog\unsuccessfulbuild" удаляется.
         Обращение к "Debug\lab_04.tlog\lab_04.lastbuildstate".
     1>Сборка проекта "C:\Users\Chamster\Desktop\Лабы\Алгоритмизации\4\lab_04\lab_04\lab_04.vcxproj" завершена (целевые объекты Build).

Сборка успешно завершена.

       "C:\Users\Chamster\Desktop\Лабы\Алгоритмизации\4\lab_04\lab_04\lab_04.vcxproj" (целевой объект Build ) (1) ->
       (Целевой объект ClCompile) -> 
         C:\Users\Chamster\Desktop\Лабы\Алгоритмизации\4\lab_04\lab_04\4 задание.cpp(3,1): warning C4326: возвращаемый тип "main" должен быть "int", а не "void"
         C:\Users\Chamster\Desktop\Лабы\Алгоритмизации\4\lab_04\lab_04\4 задание.cpp(30,10): warning C4244: =: преобразование "double" в "int", возможна потеря данных
         C:\Users\Chamster\Desktop\Лабы\Алгоритмизации\4\lab_04\lab_04\4 задание.cpp(31,10): warning C4244: =: преобразование "double" в "int", возможна потеря данных
         C:\Users\Chamster\Desktop\Лабы\Алгоритмизации\4\lab_04\lab_04\4 задание.cpp(32,10): warning C4244: =: преобразование "double" в "int", возможна потеря данных

    Предупреждений: 4
    Ошибок: 0

Прошло времени 00:00:00.98
